<?xml version="1.0" encoding="UTF-8"?>
<testsuite xmlns:xsi="http://www.w3.org/2001/XMLSchema-instance" xsi:noNamespaceSchemaLocation="https://maven.apache.org/surefire/maven-surefire-plugin/xsd/surefire-test-report-3.0.xsd" version="3.0" name="com.max.app.util.NumberUtilsTest" time="0.14" tests="116" errors="0" skipped="0" failures="0">
  <properties>
    <property name="java.specification.version" value="15"/>
    <property name="sun.jnu.encoding" value="UTF-8"/>
    <property name="java.class.path" value="/Users/mstepan/repo/app-java15-template/target/test-classes:/Users/mstepan/repo/app-java15-template/target/classes:/Users/mstepan/.m2/repository/com/oracle/hcgbu/fhir-api-service/1.0-SNAPSHOT/fhir-api-service-1.0-SNAPSHOT.jar:/Users/mstepan/.m2/repository/com/oracle/hcgbu/fhir/spi-v4/0.1.5-develop/spi-v4-0.1.5-develop.jar:/Users/mstepan/.m2/repository/com/google/guava/guava/30.1.1-jre/guava-30.1.1-jre.jar:/Users/mstepan/.m2/repository/com/google/guava/failureaccess/1.0.1/failureaccess-1.0.1.jar:/Users/mstepan/.m2/repository/com/google/guava/listenablefuture/9999.0-empty-to-avoid-conflict-with-guava/listenablefuture-9999.0-empty-to-avoid-conflict-with-guava.jar:/Users/mstepan/.m2/repository/org/checkerframework/checker-qual/3.8.0/checker-qual-3.8.0.jar:/Users/mstepan/.m2/repository/com/google/errorprone/error_prone_annotations/2.5.1/error_prone_annotations-2.5.1.jar:/Users/mstepan/.m2/repository/com/google/j2objc/j2objc-annotations/1.3/j2objc-annotations-1.3.jar:/Users/mstepan/.m2/repository/com/oracle/hcgbu/fhir/fhir-crud-lib-generated-v4/0.1.10-develop/fhir-crud-lib-generated-v4-0.1.10-develop.jar:/Users/mstepan/.m2/repository/io/helidon/microprofile/bundles/helidon-microprofile/2.2.2/helidon-microprofile-2.2.2.jar:/Users/mstepan/.m2/repository/io/helidon/microprofile/bundles/helidon-microprofile-core/2.2.2/helidon-microprofile-core-2.2.2.jar:/Users/mstepan/.m2/repository/io/helidon/microprofile/server/helidon-microprofile-server/2.2.2/helidon-microprofile-server-2.2.2.jar:/Users/mstepan/.m2/repository/io/helidon/microprofile/cdi/helidon-microprofile-cdi/2.2.2/helidon-microprofile-cdi-2.2.2.jar:/Users/mstepan/.m2/repository/io/helidon/microprofile/weld/weld-se-core/2.2.2/weld-se-core-2.2.2.jar:/Users/mstepan/.m2/repository/io/helidon/microprofile/weld/weld-core-impl/2.2.2/weld-core-impl-2.2.2.jar:/Users/mstepan/.m2/repository/org/jboss/weld/environment/weld-environment-common/3.1.6.Final/weld-environment-common-3.1.6.Final.jar:/Users/mstepan/.m2/repository/org/jboss/weld/weld-api/3.1.SP2/weld-api-3.1.SP2.jar:/Users/mstepan/.m2/repository/org/jboss/weld/weld-spi/3.1.SP2/weld-spi-3.1.SP2.jar:/Users/mstepan/.m2/repository/org/jboss/classfilewriter/jboss-classfilewriter/1.2.4.Final/jboss-classfilewriter-1.2.4.Final.jar:/Users/mstepan/.m2/repository/org/slf4j/slf4j-jdk14/1.7.30/slf4j-jdk14-1.7.30.jar:/Users/mstepan/.m2/repository/io/helidon/webserver/helidon-webserver/2.2.2/helidon-webserver-2.2.2.jar:/Users/mstepan/.m2/repository/io/helidon/media/helidon-media-common/2.2.2/helidon-media-common-2.2.2.jar:/Users/mstepan/.m2/repository/io/opentracing/opentracing-api/0.33.0/opentracing-api-0.33.0.jar:/Users/mstepan/.m2/repository/io/opentracing/opentracing-noop/0.33.0/opentracing-noop-0.33.0.jar:/Users/mstepan/.m2/repository/io/netty/netty-codec-http/4.1.59.Final/netty-codec-http-4.1.59.Final.jar:/Users/mstepan/.m2/repository/io/netty/netty-common/4.1.59.Final/netty-common-4.1.59.Final.jar:/Users/mstepan/.m2/repository/io/netty/netty-buffer/4.1.59.Final/netty-buffer-4.1.59.Final.jar:/Users/mstepan/.m2/repository/io/netty/netty-transport/4.1.59.Final/netty-transport-4.1.59.Final.jar:/Users/mstepan/.m2/repository/io/netty/netty-codec/4.1.59.Final/netty-codec-4.1.59.Final.jar:/Users/mstepan/.m2/repository/io/netty/netty-codec-http2/4.1.59.Final/netty-codec-http2-4.1.59.Final.jar:/Users/mstepan/.m2/repository/io/netty/netty-handler/4.1.59.Final/netty-handler-4.1.59.Final.jar:/Users/mstepan/.m2/repository/io/netty/netty-resolver/4.1.59.Final/netty-resolver-4.1.59.Final.jar:/Users/mstepan/.m2/repository/io/helidon/webserver/helidon-webserver-jersey/2.2.2/helidon-webserver-jersey-2.2.2.jar:/Users/mstepan/.m2/repository/io/helidon/jersey/helidon-jersey-server/2.2.2/helidon-jersey-server-2.2.2.jar:/Users/mstepan/.m2/repository/io/helidon/media/helidon-media-jsonp/2.2.2/helidon-media-jsonp-2.2.2.jar:/Users/mstepan/.m2/repository/io/helidon/jersey/helidon-jersey-media-jsonp/2.2.2/helidon-jersey-media-jsonp-2.2.2.jar:/Users/mstepan/.m2/repository/org/glassfish/jersey/media/jersey-media-json-processing/2.33/jersey-media-json-processing-2.33.jar:/Users/mstepan/.m2/repository/org/glassfish/jsonp-jaxrs/1.1.6/jsonp-jaxrs-1.1.6.jar:/Users/mstepan/.m2/repository/io/helidon/microprofile/config/helidon-microprofile-config/2.2.2/helidon-microprofile-config-2.2.2.jar:/Users/mstepan/.m2/repository/io/helidon/config/helidon-config-mp/2.2.2/helidon-config-mp-2.2.2.jar:/Users/mstepan/.m2/repository/io/helidon/config/helidon-config-yaml/2.2.2/helidon-config-yaml-2.2.2.jar:/Users/mstepan/.m2/repository/org/yaml/snakeyaml/1.27/snakeyaml-1.27.jar:/Users/mstepan/.m2/repository/io/helidon/config/helidon-config-encryption/2.2.2/helidon-config-encryption-2.2.2.jar:/Users/mstepan/.m2/repository/io/helidon/common/helidon-common-key-util/2.2.2/helidon-common-key-util-2.2.2.jar:/Users/mstepan/.m2/repository/io/helidon/config/helidon-config-object-mapping/2.2.2/helidon-config-object-mapping-2.2.2.jar:/Users/mstepan/.m2/repository/io/helidon/microprofile/health/helidon-microprofile-health/2.2.2/helidon-microprofile-health-2.2.2.jar:/Users/mstepan/.m2/repository/io/helidon/health/helidon-health/2.2.2/helidon-health-2.2.2.jar:/Users/mstepan/.m2/repository/io/helidon/webserver/helidon-webserver-cors/2.2.2/helidon-webserver-cors-2.2.2.jar:/Users/mstepan/.m2/repository/org/eclipse/microprofile/health/microprofile-health-api/2.2/microprofile-health-api-2.2.jar:/Users/mstepan/.m2/repository/org/osgi/org.osgi.annotation.versioning/1.0.0/org.osgi.annotation.versioning-1.0.0.jar:/Users/mstepan/.m2/repository/io/helidon/health/helidon-health-common/2.2.2/helidon-health-common-2.2.2.jar:/Users/mstepan/.m2/repository/io/helidon/health/helidon-health-checks/2.2.2/helidon-health-checks-2.2.2.jar:/Users/mstepan/.m2/repository/io/helidon/microprofile/metrics/helidon-microprofile-metrics/2.2.2/helidon-microprofile-metrics-2.2.2.jar:/Users/mstepan/.m2/repository/io/helidon/metrics/helidon-metrics/2.2.2/helidon-metrics-2.2.2.jar:/Users/mstepan/.m2/repository/org/eclipse/microprofile/metrics/microprofile-metrics-api/2.3.2/microprofile-metrics-api-2.3.2.jar:/Users/mstepan/.m2/repository/io/helidon/microprofile/helidon-microprofile-fault-tolerance/2.2.2/helidon-microprofile-fault-tolerance-2.2.2.jar:/Users/mstepan/.m2/repository/org/eclipse/microprofile/fault-tolerance/microprofile-fault-tolerance-api/2.1.1/microprofile-fault-tolerance-api-2.1.1.jar:/Users/mstepan/.m2/repository/io/helidon/fault-tolerance/helidon-fault-tolerance/2.2.2/helidon-fault-tolerance-2.2.2.jar:/Users/mstepan/.m2/repository/io/helidon/common/helidon-common-configurable/2.2.2/helidon-common-configurable-2.2.2.jar:/Users/mstepan/.m2/repository/org/glassfish/jersey/ext/cdi/jersey-weld2-se/2.33/jersey-weld2-se-2.33.jar:/Users/mstepan/.m2/repository/org/glassfish/jersey/core/jersey-server/2.33/jersey-server-2.33.jar:/Users/mstepan/.m2/repository/jakarta/validation/jakarta.validation-api/2.0.2/jakarta.validation-api-2.0.2.jar:/Users/mstepan/.m2/repository/org/glassfish/jersey/ext/cdi/jersey-cdi1x/2.33/jersey-cdi1x-2.33.jar:/Users/mstepan/.m2/repository/io/helidon/microprofile/jwt/helidon-microprofile-jwt-auth/2.2.2/helidon-microprofile-jwt-auth-2.2.2.jar:/Users/mstepan/.m2/repository/org/eclipse/microprofile/jwt/microprofile-jwt-auth-api/1.1.1/microprofile-jwt-auth-api-1.1.1.jar:/Users/mstepan/.m2/repository/io/helidon/security/helidon-security-jwt/2.2.2/helidon-security-jwt-2.2.2.jar:/Users/mstepan/.m2/repository/io/helidon/security/helidon-security-util/2.2.2/helidon-security-util-2.2.2.jar:/Users/mstepan/.m2/repository/io/helidon/security/helidon-security/2.2.2/helidon-security-2.2.2.jar:/Users/mstepan/.m2/repository/io/opentracing/opentracing-util/0.33.0/opentracing-util-0.33.0.jar:/Users/mstepan/.m2/repository/io/helidon/security/integration/helidon-security-integration-jersey/2.2.2/helidon-security-integration-jersey-2.2.2.jar:/Users/mstepan/.m2/repository/io/helidon/security/helidon-security-annotations/2.2.2/helidon-security-annotations-2.2.2.jar:/Users/mstepan/.m2/repository/io/helidon/microprofile/helidon-microprofile-security/2.2.2/helidon-microprofile-security-2.2.2.jar:/Users/mstepan/.m2/repository/io/helidon/bundles/helidon-bundles-security/2.2.2/helidon-bundles-security-2.2.2.jar:/Users/mstepan/.m2/repository/io/helidon/security/providers/helidon-security-providers-header/2.2.2/helidon-security-providers-header-2.2.2.jar:/Users/mstepan/.m2/repository/io/helidon/security/providers/helidon-security-providers-http-auth/2.2.2/helidon-security-providers-http-auth-2.2.2.jar:/Users/mstepan/.m2/repository/io/helidon/security/providers/helidon-security-providers-http-sign/2.2.2/helidon-security-providers-http-sign-2.2.2.jar:/Users/mstepan/.m2/repository/io/helidon/security/providers/helidon-security-providers-jwt/2.2.2/helidon-security-providers-jwt-2.2.2.jar:/Users/mstepan/.m2/repository/io/helidon/security/providers/helidon-security-providers-abac/2.2.2/helidon-security-providers-abac-2.2.2.jar:/Users/mstepan/.m2/repository/io/helidon/security/providers/helidon-security-providers-oidc/2.2.2/helidon-security-providers-oidc-2.2.2.jar:/Users/mstepan/.m2/repository/io/helidon/security/providers/helidon-security-providers-oidc-common/2.2.2/helidon-security-providers-oidc-common-2.2.2.jar:/Users/mstepan/.m2/repository/io/helidon/security/abac/helidon-security-abac-time/2.2.2/helidon-security-abac-time-2.2.2.jar:/Users/mstepan/.m2/repository/io/helidon/security/abac/helidon-security-abac-role/2.2.2/helidon-security-abac-role-2.2.2.jar:/Users/mstepan/.m2/repository/io/helidon/security/abac/helidon-security-abac-scope/2.2.2/helidon-security-abac-scope-2.2.2.jar:/Users/mstepan/.m2/repository/io/helidon/security/abac/helidon-security-abac-policy/2.2.2/helidon-security-abac-policy-2.2.2.jar:/Users/mstepan/.m2/repository/io/helidon/security/integration/helidon-security-integration-webserver/2.2.2/helidon-security-integration-webserver-2.2.2.jar:/Users/mstepan/.m2/repository/io/helidon/config/helidon-config/2.2.2/helidon-config-2.2.2.jar:/Users/mstepan/.m2/repository/io/helidon/common/helidon-common-media-type/2.2.2/helidon-common-media-type-2.2.2.jar:/Users/mstepan/.m2/repository/io/helidon/security/providers/helidon-security-providers-common/2.2.2/helidon-security-providers-common-2.2.2.jar:/Users/mstepan/.m2/repository/io/helidon/security/integration/helidon-security-integration-jersey-client/2.2.2/helidon-security-integration-jersey-client-2.2.2.jar:/Users/mstepan/.m2/repository/io/helidon/security/integration/helidon-security-integration-common/2.2.2/helidon-security-integration-common-2.2.2.jar:/Users/mstepan/.m2/repository/io/helidon/tracing/helidon-tracing-config/2.2.2/helidon-tracing-config-2.2.2.jar:/Users/mstepan/.m2/repository/io/helidon/jersey/helidon-jersey-common/2.2.2/helidon-jersey-common-2.2.2.jar:/Users/mstepan/.m2/repository/io/helidon/webclient/helidon-webclient-jaxrs/2.2.2/helidon-webclient-jaxrs-2.2.2.jar:/Users/mstepan/.m2/repository/io/helidon/microprofile/openapi/helidon-microprofile-openapi/2.2.2/helidon-microprofile-openapi-2.2.2.jar:/Users/mstepan/.m2/repository/io/helidon/openapi/helidon-openapi/2.2.2/helidon-openapi-2.2.2.jar:/Users/mstepan/.m2/repository/io/smallrye/smallrye-open-api/1.2.0/smallrye-open-api-1.2.0.jar:/Users/mstepan/.m2/repository/org/jboss/logging/jboss-logging/3.4.1.Final/jboss-logging-3.4.1.Final.jar:/Users/mstepan/.m2/repository/org/jboss/jandex/2.1.1.Final/jandex-2.1.1.Final.jar:/Users/mstepan/.m2/repository/org/eclipse/microprofile/openapi/microprofile-openapi-api/1.1.2/microprofile-openapi-api-1.1.2.jar:/Users/mstepan/.m2/repository/io/helidon/microprofile/rest-client/helidon-microprofile-rest-client/2.2.2/helidon-microprofile-rest-client-2.2.2.jar:/Users/mstepan/.m2/repository/io/helidon/jersey/helidon-jersey-client/2.2.2/helidon-jersey-client-2.2.2.jar:/Users/mstepan/.m2/repository/org/glassfish/jersey/core/jersey-client/2.33/jersey-client-2.33.jar:/Users/mstepan/.m2/repository/org/glassfish/jersey/inject/jersey-hk2/2.33/jersey-hk2-2.33.jar:/Users/mstepan/.m2/repository/org/glassfish/hk2/hk2-locator/2.6.1/hk2-locator-2.6.1.jar:/Users/mstepan/.m2/repository/org/glassfish/hk2/external/aopalliance-repackaged/2.6.1/aopalliance-repackaged-2.6.1.jar:/Users/mstepan/.m2/repository/org/glassfish/hk2/hk2-api/2.6.1/hk2-api-2.6.1.jar:/Users/mstepan/.m2/repository/org/glassfish/hk2/hk2-utils/2.6.1/hk2-utils-2.6.1.jar:/Users/mstepan/.m2/repository/org/javassist/javassist/3.25.0-GA/javassist-3.25.0-GA.jar:/Users/mstepan/.m2/repository/jakarta/xml/bind/jakarta.xml.bind-api/2.3.3/jakarta.xml.bind-api-2.3.3.jar:/Users/mstepan/.m2/repository/org/glassfish/jersey/ext/microprofile/jersey-mp-rest-client/2.33/jersey-mp-rest-client-2.33.jar:/Users/mstepan/.m2/repository/io/helidon/microprofile/tracing/helidon-microprofile-tracing/2.2.2/helidon-microprofile-tracing-2.2.2.jar:/Users/mstepan/.m2/repository/io/helidon/tracing/helidon-tracing-jersey/2.2.2/helidon-tracing-jersey-2.2.2.jar:/Users/mstepan/.m2/repository/io/helidon/tracing/helidon-tracing/2.2.2/helidon-tracing-2.2.2.jar:/Users/mstepan/.m2/repository/io/helidon/tracing/helidon-tracing-jersey-client/2.2.2/helidon-tracing-jersey-client-2.2.2.jar:/Users/mstepan/.m2/repository/org/eclipse/microprofile/opentracing/microprofile-opentracing-api/1.3.3/microprofile-opentracing-api-1.3.3.jar:/Users/mstepan/.m2/repository/io/helidon/tracing/helidon-tracing-tracer-resolver/2.2.2/helidon-tracing-tracer-resolver-2.2.2.jar:/Users/mstepan/.m2/repository/io/opentracing/contrib/opentracing-tracerresolver/0.1.8/opentracing-tracerresolver-0.1.8.jar:/Users/mstepan/.m2/repository/org/eclipse/microprofile/rest/client/microprofile-rest-client-api/1.4.1/microprofile-rest-client-api-1.4.1.jar:/Users/mstepan/.m2/repository/org/glassfish/jersey/media/jersey-media-json-binding/2.33/jersey-media-json-binding-2.33.jar:/Users/mstepan/.m2/repository/org/glassfish/jakarta.json/1.1.6/jakarta.json-1.1.6.jar:/Users/mstepan/.m2/repository/jakarta/json/bind/jakarta.json.bind-api/1.0.2/jakarta.json.bind-api-1.0.2.jar:/Users/mstepan/.m2/repository/org/eclipse/yasson/1.0.8/yasson-1.0.8.jar:/Users/mstepan/.m2/repository/org/glassfish/jakarta.json/1.1.6/jakarta.json-1.1.6-module.jar:/Users/mstepan/.m2/repository/io/helidon/integrations/cdi/helidon-integrations-cdi-datasource-ucp/2.2.2/helidon-integrations-cdi-datasource-ucp-2.2.2.jar:/Users/mstepan/.m2/repository/io/helidon/integrations/cdi/helidon-integrations-cdi-datasource/2.2.2/helidon-integrations-cdi-datasource-2.2.2.jar:/Users/mstepan/.m2/repository/com/oracle/database/ha/simplefan/19.8.0.0/simplefan-19.8.0.0.jar:/Users/mstepan/.m2/repository/com/oracle/database/ha/ons/19.8.0.0/ons-19.8.0.0.jar:/Users/mstepan/.m2/repository/com/oracle/database/nls/orai18n/19.8.0.0/orai18n-19.8.0.0.jar:/Users/mstepan/.m2/repository/com/oracle/database/xml/xdb/19.8.0.0/xdb-19.8.0.0.jar:/Users/mstepan/.m2/repository/com/oracle/database/xml/xmlparserv2/19.8.0.0/xmlparserv2-19.8.0.0.jar:/Users/mstepan/.m2/repository/org/eclipse/microprofile/config/microprofile-config-api/1.4/microprofile-config-api-1.4.jar:/Users/mstepan/.m2/repository/jakarta/activation/jakarta.activation-api/1.2.2/jakarta.activation-api-1.2.2.jar:/Users/mstepan/.m2/repository/jakarta/enterprise/jakarta.enterprise.cdi-api/2.0.2/jakarta.enterprise.cdi-api-2.0.2.jar:/Users/mstepan/.m2/repository/jakarta/el/jakarta.el-api/3.0.3/jakarta.el-api-3.0.3.jar:/Users/mstepan/.m2/repository/org/apache/commons/commons-lang3/3.9/commons-lang3-3.9.jar:/Users/mstepan/.m2/repository/org/liquibase/liquibase-core/4.3.5/liquibase-core-4.3.5.jar:/Users/mstepan/.m2/repository/javax/xml/bind/jaxb-api/2.3.0/jaxb-api-2.3.0.jar:/Users/mstepan/.m2/repository/com/oracle/database/jdbc/ojdbc8/21.1.0.0/ojdbc8-21.1.0.0.jar:/Users/mstepan/.m2/repository/com/oracle/database/jdbc/ucp/21.1.0.0/ucp-21.1.0.0.jar:/Users/mstepan/.m2/repository/com/oracle/database/security/oraclepki/21.1.0.0/oraclepki-21.1.0.0.jar:/Users/mstepan/.m2/repository/com/oracle/database/security/osdt_core/21.1.0.0/osdt_core-21.1.0.0.jar:/Users/mstepan/.m2/repository/com/oracle/database/security/osdt_cert/21.1.0.0/osdt_cert-21.1.0.0.jar:/Users/mstepan/.m2/repository/org/jdbi/jdbi3-core/3.20.0/jdbi3-core-3.20.0.jar:/Users/mstepan/.m2/repository/org/antlr/antlr4-runtime/4.9/antlr4-runtime-4.9.jar:/Users/mstepan/.m2/repository/io/leangen/geantyref/geantyref/1.3.11/geantyref-1.3.11.jar:/Users/mstepan/.m2/repository/com/github/ben-manes/caffeine/caffeine/3.0.1/caffeine-3.0.1.jar:/Users/mstepan/.m2/repository/org/jdbi/jdbi3-sqlobject/3.20.0/jdbi3-sqlobject-3.20.0.jar:/Users/mstepan/.m2/repository/org/jdbi/jdbi3-guava/3.20.0/jdbi3-guava-3.20.0.jar:/Users/mstepan/.m2/repository/com/google/code/gson/gson/2.8.6/gson-2.8.6.jar:/Users/mstepan/.m2/repository/ca/uhn/hapi/fhir/org.hl7.fhir.r4/5.4.0/org.hl7.fhir.r4-5.4.0.jar:/Users/mstepan/.m2/repository/ca/uhn/hapi/fhir/org.hl7.fhir.utilities/5.4.0/org.hl7.fhir.utilities-5.4.0.jar:/Users/mstepan/.m2/repository/org/jetbrains/kotlin/kotlin-stdlib-jdk8/1.5.0/kotlin-stdlib-jdk8-1.5.0.jar:/Users/mstepan/.m2/repository/org/jetbrains/kotlin/kotlin-stdlib/1.5.0/kotlin-stdlib-1.5.0.jar:/Users/mstepan/.m2/repository/org/jetbrains/annotations/13.0/annotations-13.0.jar:/Users/mstepan/.m2/repository/org/jetbrains/kotlin/kotlin-stdlib-common/1.5.0/kotlin-stdlib-common-1.5.0.jar:/Users/mstepan/.m2/repository/org/jetbrains/kotlin/kotlin-stdlib-jdk7/1.5.0/kotlin-stdlib-jdk7-1.5.0.jar:/Users/mstepan/.m2/repository/ca/uhn/hapi/fhir/hapi-fhir-base/5.4.0/hapi-fhir-base-5.4.0.jar:/Users/mstepan/.m2/repository/org/apache/commons/commons-text/1.9/commons-text-1.9.jar:/Users/mstepan/.m2/repository/commons-codec/commons-codec/1.15/commons-codec-1.15.jar:/Users/mstepan/.m2/repository/commons-io/commons-io/2.8.0/commons-io-2.8.0.jar:/Users/mstepan/.m2/repository/org/slf4j/jcl-over-slf4j/1.7.30/jcl-over-slf4j-1.7.30.jar:/Users/mstepan/.m2/repository/com/google/code/findbugs/jsr305/3.0.2/jsr305-3.0.2.jar:/Users/mstepan/.m2/repository/org/apache/jena/jena-shacl/3.16.0/jena-shacl-3.16.0.jar:/Users/mstepan/.m2/repository/org/apache/jena/jena-arq/3.16.0/jena-arq-3.16.0.jar:/Users/mstepan/.m2/repository/org/apache/jena/jena-core/3.16.0/jena-core-3.16.0.jar:/Users/mstepan/.m2/repository/org/apache/jena/jena-base/3.16.0/jena-base-3.16.0.jar:/Users/mstepan/.m2/repository/org/apache/commons/commons-csv/1.8/commons-csv-1.8.jar:/Users/mstepan/.m2/repository/org/apache/commons/commons-compress/1.20/commons-compress-1.20.jar:/Users/mstepan/.m2/repository/com/github/andrewoma/dexx/collection/0.7/collection-0.7.jar:/Users/mstepan/.m2/repository/org/apache/jena/jena-iri/3.16.0/jena-iri-3.16.0.jar:/Users/mstepan/.m2/repository/commons-cli/commons-cli/1.4/commons-cli-1.4.jar:/Users/mstepan/.m2/repository/org/apache/jena/jena-shaded-guava/3.16.0/jena-shaded-guava-3.16.0.jar:/Users/mstepan/.m2/repository/org/apache/httpcomponents/httpclient/4.5.10/httpclient-4.5.10.jar:/Users/mstepan/.m2/repository/org/apache/httpcomponents/httpcore/4.4.12/httpcore-4.4.12.jar:/Users/mstepan/.m2/repository/com/github/jsonld-java/jsonld-java/0.12.5/jsonld-java-0.12.5.jar:/Users/mstepan/.m2/repository/org/apache/httpcomponents/httpclient-cache/4.5.10/httpclient-cache-4.5.10.jar:/Users/mstepan/.m2/repository/org/apache/thrift/libthrift/0.13.0/libthrift-0.13.0.jar:/Users/mstepan/.m2/repository/org/apache/jena/jena-tdb/3.16.0/jena-tdb-3.16.0.jar:/Users/mstepan/.m2/repository/org/apache/jena/jena-tdb2/3.16.0/jena-tdb2-3.16.0.jar:/Users/mstepan/.m2/repository/org/apache/jena/jena-dboe-storage/3.16.0/jena-dboe-storage-3.16.0.jar:/Users/mstepan/.m2/repository/org/apache/jena/jena-dboe-trans-data/3.16.0/jena-dboe-trans-data-3.16.0.jar:/Users/mstepan/.m2/repository/org/apache/jena/jena-dboe-transaction/3.16.0/jena-dboe-transaction-3.16.0.jar:/Users/mstepan/.m2/repository/org/apache/jena/jena-dboe-base/3.16.0/jena-dboe-base-3.16.0.jar:/Users/mstepan/.m2/repository/org/apache/jena/jena-dboe-index/3.16.0/jena-dboe-index-3.16.0.jar:/Users/mstepan/.m2/repository/org/apache/jena/jena-rdfconnection/3.16.0/jena-rdfconnection-3.16.0.jar:/Users/mstepan/.m2/repository/javax/servlet/javax.servlet-api/3.1.0/javax.servlet-api-3.1.0.jar:/Users/mstepan/.m2/repository/ca/uhn/hapi/fhir/hapi-fhir-structures-r4/5.4.0/hapi-fhir-structures-r4-5.4.0.jar:/Users/mstepan/.m2/repository/org/reflections/reflections/0.9.8/reflections-0.9.8.jar:/Users/mstepan/.m2/repository/javassist/javassist/3.12.1.GA/javassist-3.12.1.GA.jar:/Users/mstepan/.m2/repository/dom4j/dom4j/1.6.1/dom4j-1.6.1.jar:/Users/mstepan/.m2/repository/xml-apis/xml-apis/1.0.b2/xml-apis-1.0.b2.jar:/Users/mstepan/.m2/repository/jakarta/inject/jakarta.inject-api/1.0/jakarta.inject-api-1.0.jar:/Users/mstepan/.m2/repository/jakarta/interceptor/jakarta.interceptor-api/1.2.5/jakarta.interceptor-api-1.2.5.jar:/Users/mstepan/.m2/repository/javax/annotation/javax.annotation-api/1.3.2/javax.annotation-api-1.3.2.jar:/Users/mstepan/.m2/repository/jakarta/annotation/jakarta.annotation-api/1.3.5/jakarta.annotation-api-1.3.5.jar:/Users/mstepan/.m2/repository/jakarta/ws/rs/jakarta.ws.rs-api/2.1.6/jakarta.ws.rs-api-2.1.6.jar:/Users/mstepan/.m2/repository/org/glassfish/jersey/core/jersey-common/2.33/jersey-common-2.33.jar:/Users/mstepan/.m2/repository/org/glassfish/hk2/external/jakarta.inject/2.6.1/jakarta.inject-2.6.1.jar:/Users/mstepan/.m2/repository/org/glassfish/hk2/osgi-resource-locator/1.0.3/osgi-resource-locator-1.0.3.jar:/Users/mstepan/.m2/repository/io/helidon/common/helidon-common-http/2.2.2/helidon-common-http-2.2.2.jar:/Users/mstepan/.m2/repository/io/helidon/common/helidon-common-reactive/2.2.2/helidon-common-reactive-2.2.2.jar:/Users/mstepan/.m2/repository/io/helidon/common/helidon-common-mapper/2.2.2/helidon-common-mapper-2.2.2.jar:/Users/mstepan/.m2/repository/io/helidon/common/helidon-common/2.2.2/helidon-common-2.2.2.jar:/Users/mstepan/.m2/repository/io/helidon/common/helidon-common-context/2.2.2/helidon-common-context-2.2.2.jar:/Users/mstepan/.m2/repository/io/helidon/common/helidon-common-service-loader/2.2.2/helidon-common-service-loader-2.2.2.jar:/Users/mstepan/.m2/repository/org/slf4j/slf4j-api/1.7.20/slf4j-api-1.7.20.jar:/Users/mstepan/.m2/repository/ch/qos/logback/logback-classic/1.1.7/logback-classic-1.1.7.jar:/Users/mstepan/.m2/repository/ch/qos/logback/logback-core/1.1.7/logback-core-1.1.7.jar:/Users/mstepan/.m2/repository/io/prometheus/simpleclient/0.9.0/simpleclient-0.9.0.jar:/Users/mstepan/.m2/repository/org/projectlombok/lombok/1.18.16/lombok-1.18.16.jar:/Users/mstepan/.m2/repository/io/reactivex/rxjava2/rxjava/2.2.20/rxjava-2.2.20.jar:/Users/mstepan/.m2/repository/org/reactivestreams/reactive-streams/1.0.3/reactive-streams-1.0.3.jar:/Users/mstepan/.m2/repository/mysql/mysql-connector-java/8.0.22/mysql-connector-java-8.0.22.jar:/Users/mstepan/.m2/repository/com/google/protobuf/protobuf-java/3.11.4/protobuf-java-3.11.4.jar:/Users/mstepan/.m2/repository/org/postgresql/postgresql/42.2.9/postgresql-42.2.9.jar:/Users/mstepan/.m2/repository/com/squareup/retrofit2/retrofit/2.5.0/retrofit-2.5.0.jar:/Users/mstepan/.m2/repository/com/squareup/okhttp3/okhttp/3.12.0/okhttp-3.12.0.jar:/Users/mstepan/.m2/repository/com/squareup/okio/okio/1.15.0/okio-1.15.0.jar:/Users/mstepan/.m2/repository/com/squareup/retrofit2/converter-jackson/2.5.0/converter-jackson-2.5.0.jar:/Users/mstepan/.m2/repository/com/fasterxml/jackson/core/jackson-databind/2.9.4/jackson-databind-2.9.4.jar:/Users/mstepan/.m2/repository/com/fasterxml/jackson/core/jackson-annotations/2.9.0/jackson-annotations-2.9.0.jar:/Users/mstepan/.m2/repository/com/fasterxml/jackson/core/jackson-core/2.9.4/jackson-core-2.9.4.jar:/Users/mstepan/.m2/repository/org/junit/jupiter/junit-jupiter/5.5.2/junit-jupiter-5.5.2.jar:/Users/mstepan/.m2/repository/org/junit/jupiter/junit-jupiter-params/5.5.2/junit-jupiter-params-5.5.2.jar:/Users/mstepan/.m2/repository/org/junit/jupiter/junit-jupiter-engine/5.5.2/junit-jupiter-engine-5.5.2.jar:/Users/mstepan/.m2/repository/org/junit/platform/junit-platform-engine/1.5.2/junit-platform-engine-1.5.2.jar:/Users/mstepan/.m2/repository/org/mockito/mockito-core/2.21.0/mockito-core-2.21.0.jar:/Users/mstepan/.m2/repository/net/bytebuddy/byte-buddy/1.8.15/byte-buddy-1.8.15.jar:/Users/mstepan/.m2/repository/net/bytebuddy/byte-buddy-agent/1.8.15/byte-buddy-agent-1.8.15.jar:/Users/mstepan/.m2/repository/org/objenesis/objenesis/2.6/objenesis-2.6.jar:/Users/mstepan/.m2/repository/org/assertj/assertj-core/3.15.0/assertj-core-3.15.0.jar:/Users/mstepan/.m2/repository/org/junit/jupiter/junit-jupiter-api/5.5.2/junit-jupiter-api-5.5.2.jar:/Users/mstepan/.m2/repository/org/apiguardian/apiguardian-api/1.1.0/apiguardian-api-1.1.0.jar:/Users/mstepan/.m2/repository/org/opentest4j/opentest4j/1.2.0/opentest4j-1.2.0.jar:/Users/mstepan/.m2/repository/org/junit/platform/junit-platform-commons/1.5.2/junit-platform-commons-1.5.2.jar:"/>
    <property name="java.vm.vendor" value="Oracle Corporation"/>
    <property name="sun.arch.data.model" value="64"/>
    <property name="java.vendor.url" value="https://java.oracle.com/"/>
    <property name="os.name" value="Mac OS X"/>
    <property name="java.vm.specification.version" value="15"/>
    <property name="sun.java.launcher" value="SUN_STANDARD"/>
    <property name="user.country" value="UA"/>
    <property name="sun.boot.library.path" value="/Library/Java/JavaVirtualMachines/jdk-15/Contents/Home/lib"/>
    <property name="sun.java.command" value="/Users/mstepan/repo/app-java15-template/target/surefire/surefirebooter18148843680963767540.jar /Users/mstepan/repo/app-java15-template/target/surefire 2022-02-13T12-55-52_115-jvmRun1 surefire499909032448320173tmp surefire_014418694059979879951tmp"/>
    <property name="jdk.debug" value="release"/>
    <property name="surefire.test.class.path" value="/Users/mstepan/repo/app-java15-template/target/test-classes:/Users/mstepan/repo/app-java15-template/target/classes:/Users/mstepan/.m2/repository/com/oracle/hcgbu/fhir-api-service/1.0-SNAPSHOT/fhir-api-service-1.0-SNAPSHOT.jar:/Users/mstepan/.m2/repository/com/oracle/hcgbu/fhir/spi-v4/0.1.5-develop/spi-v4-0.1.5-develop.jar:/Users/mstepan/.m2/repository/com/google/guava/guava/30.1.1-jre/guava-30.1.1-jre.jar:/Users/mstepan/.m2/repository/com/google/guava/failureaccess/1.0.1/failureaccess-1.0.1.jar:/Users/mstepan/.m2/repository/com/google/guava/listenablefuture/9999.0-empty-to-avoid-conflict-with-guava/listenablefuture-9999.0-empty-to-avoid-conflict-with-guava.jar:/Users/mstepan/.m2/repository/org/checkerframework/checker-qual/3.8.0/checker-qual-3.8.0.jar:/Users/mstepan/.m2/repository/com/google/errorprone/error_prone_annotations/2.5.1/error_prone_annotations-2.5.1.jar:/Users/mstepan/.m2/repository/com/google/j2objc/j2objc-annotations/1.3/j2objc-annotations-1.3.jar:/Users/mstepan/.m2/repository/com/oracle/hcgbu/fhir/fhir-crud-lib-generated-v4/0.1.10-develop/fhir-crud-lib-generated-v4-0.1.10-develop.jar:/Users/mstepan/.m2/repository/io/helidon/microprofile/bundles/helidon-microprofile/2.2.2/helidon-microprofile-2.2.2.jar:/Users/mstepan/.m2/repository/io/helidon/microprofile/bundles/helidon-microprofile-core/2.2.2/helidon-microprofile-core-2.2.2.jar:/Users/mstepan/.m2/repository/io/helidon/microprofile/server/helidon-microprofile-server/2.2.2/helidon-microprofile-server-2.2.2.jar:/Users/mstepan/.m2/repository/io/helidon/microprofile/cdi/helidon-microprofile-cdi/2.2.2/helidon-microprofile-cdi-2.2.2.jar:/Users/mstepan/.m2/repository/io/helidon/microprofile/weld/weld-se-core/2.2.2/weld-se-core-2.2.2.jar:/Users/mstepan/.m2/repository/io/helidon/microprofile/weld/weld-core-impl/2.2.2/weld-core-impl-2.2.2.jar:/Users/mstepan/.m2/repository/org/jboss/weld/environment/weld-environment-common/3.1.6.Final/weld-environment-common-3.1.6.Final.jar:/Users/mstepan/.m2/repository/org/jboss/weld/weld-api/3.1.SP2/weld-api-3.1.SP2.jar:/Users/mstepan/.m2/repository/org/jboss/weld/weld-spi/3.1.SP2/weld-spi-3.1.SP2.jar:/Users/mstepan/.m2/repository/org/jboss/classfilewriter/jboss-classfilewriter/1.2.4.Final/jboss-classfilewriter-1.2.4.Final.jar:/Users/mstepan/.m2/repository/org/slf4j/slf4j-jdk14/1.7.30/slf4j-jdk14-1.7.30.jar:/Users/mstepan/.m2/repository/io/helidon/webserver/helidon-webserver/2.2.2/helidon-webserver-2.2.2.jar:/Users/mstepan/.m2/repository/io/helidon/media/helidon-media-common/2.2.2/helidon-media-common-2.2.2.jar:/Users/mstepan/.m2/repository/io/opentracing/opentracing-api/0.33.0/opentracing-api-0.33.0.jar:/Users/mstepan/.m2/repository/io/opentracing/opentracing-noop/0.33.0/opentracing-noop-0.33.0.jar:/Users/mstepan/.m2/repository/io/netty/netty-codec-http/4.1.59.Final/netty-codec-http-4.1.59.Final.jar:/Users/mstepan/.m2/repository/io/netty/netty-common/4.1.59.Final/netty-common-4.1.59.Final.jar:/Users/mstepan/.m2/repository/io/netty/netty-buffer/4.1.59.Final/netty-buffer-4.1.59.Final.jar:/Users/mstepan/.m2/repository/io/netty/netty-transport/4.1.59.Final/netty-transport-4.1.59.Final.jar:/Users/mstepan/.m2/repository/io/netty/netty-codec/4.1.59.Final/netty-codec-4.1.59.Final.jar:/Users/mstepan/.m2/repository/io/netty/netty-codec-http2/4.1.59.Final/netty-codec-http2-4.1.59.Final.jar:/Users/mstepan/.m2/repository/io/netty/netty-handler/4.1.59.Final/netty-handler-4.1.59.Final.jar:/Users/mstepan/.m2/repository/io/netty/netty-resolver/4.1.59.Final/netty-resolver-4.1.59.Final.jar:/Users/mstepan/.m2/repository/io/helidon/webserver/helidon-webserver-jersey/2.2.2/helidon-webserver-jersey-2.2.2.jar:/Users/mstepan/.m2/repository/io/helidon/jersey/helidon-jersey-server/2.2.2/helidon-jersey-server-2.2.2.jar:/Users/mstepan/.m2/repository/io/helidon/media/helidon-media-jsonp/2.2.2/helidon-media-jsonp-2.2.2.jar:/Users/mstepan/.m2/repository/io/helidon/jersey/helidon-jersey-media-jsonp/2.2.2/helidon-jersey-media-jsonp-2.2.2.jar:/Users/mstepan/.m2/repository/org/glassfish/jersey/media/jersey-media-json-processing/2.33/jersey-media-json-processing-2.33.jar:/Users/mstepan/.m2/repository/org/glassfish/jsonp-jaxrs/1.1.6/jsonp-jaxrs-1.1.6.jar:/Users/mstepan/.m2/repository/io/helidon/microprofile/config/helidon-microprofile-config/2.2.2/helidon-microprofile-config-2.2.2.jar:/Users/mstepan/.m2/repository/io/helidon/config/helidon-config-mp/2.2.2/helidon-config-mp-2.2.2.jar:/Users/mstepan/.m2/repository/io/helidon/config/helidon-config-yaml/2.2.2/helidon-config-yaml-2.2.2.jar:/Users/mstepan/.m2/repository/org/yaml/snakeyaml/1.27/snakeyaml-1.27.jar:/Users/mstepan/.m2/repository/io/helidon/config/helidon-config-encryption/2.2.2/helidon-config-encryption-2.2.2.jar:/Users/mstepan/.m2/repository/io/helidon/common/helidon-common-key-util/2.2.2/helidon-common-key-util-2.2.2.jar:/Users/mstepan/.m2/repository/io/helidon/config/helidon-config-object-mapping/2.2.2/helidon-config-object-mapping-2.2.2.jar:/Users/mstepan/.m2/repository/io/helidon/microprofile/health/helidon-microprofile-health/2.2.2/helidon-microprofile-health-2.2.2.jar:/Users/mstepan/.m2/repository/io/helidon/health/helidon-health/2.2.2/helidon-health-2.2.2.jar:/Users/mstepan/.m2/repository/io/helidon/webserver/helidon-webserver-cors/2.2.2/helidon-webserver-cors-2.2.2.jar:/Users/mstepan/.m2/repository/org/eclipse/microprofile/health/microprofile-health-api/2.2/microprofile-health-api-2.2.jar:/Users/mstepan/.m2/repository/org/osgi/org.osgi.annotation.versioning/1.0.0/org.osgi.annotation.versioning-1.0.0.jar:/Users/mstepan/.m2/repository/io/helidon/health/helidon-health-common/2.2.2/helidon-health-common-2.2.2.jar:/Users/mstepan/.m2/repository/io/helidon/health/helidon-health-checks/2.2.2/helidon-health-checks-2.2.2.jar:/Users/mstepan/.m2/repository/io/helidon/microprofile/metrics/helidon-microprofile-metrics/2.2.2/helidon-microprofile-metrics-2.2.2.jar:/Users/mstepan/.m2/repository/io/helidon/metrics/helidon-metrics/2.2.2/helidon-metrics-2.2.2.jar:/Users/mstepan/.m2/repository/org/eclipse/microprofile/metrics/microprofile-metrics-api/2.3.2/microprofile-metrics-api-2.3.2.jar:/Users/mstepan/.m2/repository/io/helidon/microprofile/helidon-microprofile-fault-tolerance/2.2.2/helidon-microprofile-fault-tolerance-2.2.2.jar:/Users/mstepan/.m2/repository/org/eclipse/microprofile/fault-tolerance/microprofile-fault-tolerance-api/2.1.1/microprofile-fault-tolerance-api-2.1.1.jar:/Users/mstepan/.m2/repository/io/helidon/fault-tolerance/helidon-fault-tolerance/2.2.2/helidon-fault-tolerance-2.2.2.jar:/Users/mstepan/.m2/repository/io/helidon/common/helidon-common-configurable/2.2.2/helidon-common-configurable-2.2.2.jar:/Users/mstepan/.m2/repository/org/glassfish/jersey/ext/cdi/jersey-weld2-se/2.33/jersey-weld2-se-2.33.jar:/Users/mstepan/.m2/repository/org/glassfish/jersey/core/jersey-server/2.33/jersey-server-2.33.jar:/Users/mstepan/.m2/repository/jakarta/validation/jakarta.validation-api/2.0.2/jakarta.validation-api-2.0.2.jar:/Users/mstepan/.m2/repository/org/glassfish/jersey/ext/cdi/jersey-cdi1x/2.33/jersey-cdi1x-2.33.jar:/Users/mstepan/.m2/repository/io/helidon/microprofile/jwt/helidon-microprofile-jwt-auth/2.2.2/helidon-microprofile-jwt-auth-2.2.2.jar:/Users/mstepan/.m2/repository/org/eclipse/microprofile/jwt/microprofile-jwt-auth-api/1.1.1/microprofile-jwt-auth-api-1.1.1.jar:/Users/mstepan/.m2/repository/io/helidon/security/helidon-security-jwt/2.2.2/helidon-security-jwt-2.2.2.jar:/Users/mstepan/.m2/repository/io/helidon/security/helidon-security-util/2.2.2/helidon-security-util-2.2.2.jar:/Users/mstepan/.m2/repository/io/helidon/security/helidon-security/2.2.2/helidon-security-2.2.2.jar:/Users/mstepan/.m2/repository/io/opentracing/opentracing-util/0.33.0/opentracing-util-0.33.0.jar:/Users/mstepan/.m2/repository/io/helidon/security/integration/helidon-security-integration-jersey/2.2.2/helidon-security-integration-jersey-2.2.2.jar:/Users/mstepan/.m2/repository/io/helidon/security/helidon-security-annotations/2.2.2/helidon-security-annotations-2.2.2.jar:/Users/mstepan/.m2/repository/io/helidon/microprofile/helidon-microprofile-security/2.2.2/helidon-microprofile-security-2.2.2.jar:/Users/mstepan/.m2/repository/io/helidon/bundles/helidon-bundles-security/2.2.2/helidon-bundles-security-2.2.2.jar:/Users/mstepan/.m2/repository/io/helidon/security/providers/helidon-security-providers-header/2.2.2/helidon-security-providers-header-2.2.2.jar:/Users/mstepan/.m2/repository/io/helidon/security/providers/helidon-security-providers-http-auth/2.2.2/helidon-security-providers-http-auth-2.2.2.jar:/Users/mstepan/.m2/repository/io/helidon/security/providers/helidon-security-providers-http-sign/2.2.2/helidon-security-providers-http-sign-2.2.2.jar:/Users/mstepan/.m2/repository/io/helidon/security/providers/helidon-security-providers-jwt/2.2.2/helidon-security-providers-jwt-2.2.2.jar:/Users/mstepan/.m2/repository/io/helidon/security/providers/helidon-security-providers-abac/2.2.2/helidon-security-providers-abac-2.2.2.jar:/Users/mstepan/.m2/repository/io/helidon/security/providers/helidon-security-providers-oidc/2.2.2/helidon-security-providers-oidc-2.2.2.jar:/Users/mstepan/.m2/repository/io/helidon/security/providers/helidon-security-providers-oidc-common/2.2.2/helidon-security-providers-oidc-common-2.2.2.jar:/Users/mstepan/.m2/repository/io/helidon/security/abac/helidon-security-abac-time/2.2.2/helidon-security-abac-time-2.2.2.jar:/Users/mstepan/.m2/repository/io/helidon/security/abac/helidon-security-abac-role/2.2.2/helidon-security-abac-role-2.2.2.jar:/Users/mstepan/.m2/repository/io/helidon/security/abac/helidon-security-abac-scope/2.2.2/helidon-security-abac-scope-2.2.2.jar:/Users/mstepan/.m2/repository/io/helidon/security/abac/helidon-security-abac-policy/2.2.2/helidon-security-abac-policy-2.2.2.jar:/Users/mstepan/.m2/repository/io/helidon/security/integration/helidon-security-integration-webserver/2.2.2/helidon-security-integration-webserver-2.2.2.jar:/Users/mstepan/.m2/repository/io/helidon/config/helidon-config/2.2.2/helidon-config-2.2.2.jar:/Users/mstepan/.m2/repository/io/helidon/common/helidon-common-media-type/2.2.2/helidon-common-media-type-2.2.2.jar:/Users/mstepan/.m2/repository/io/helidon/security/providers/helidon-security-providers-common/2.2.2/helidon-security-providers-common-2.2.2.jar:/Users/mstepan/.m2/repository/io/helidon/security/integration/helidon-security-integration-jersey-client/2.2.2/helidon-security-integration-jersey-client-2.2.2.jar:/Users/mstepan/.m2/repository/io/helidon/security/integration/helidon-security-integration-common/2.2.2/helidon-security-integration-common-2.2.2.jar:/Users/mstepan/.m2/repository/io/helidon/tracing/helidon-tracing-config/2.2.2/helidon-tracing-config-2.2.2.jar:/Users/mstepan/.m2/repository/io/helidon/jersey/helidon-jersey-common/2.2.2/helidon-jersey-common-2.2.2.jar:/Users/mstepan/.m2/repository/io/helidon/webclient/helidon-webclient-jaxrs/2.2.2/helidon-webclient-jaxrs-2.2.2.jar:/Users/mstepan/.m2/repository/io/helidon/microprofile/openapi/helidon-microprofile-openapi/2.2.2/helidon-microprofile-openapi-2.2.2.jar:/Users/mstepan/.m2/repository/io/helidon/openapi/helidon-openapi/2.2.2/helidon-openapi-2.2.2.jar:/Users/mstepan/.m2/repository/io/smallrye/smallrye-open-api/1.2.0/smallrye-open-api-1.2.0.jar:/Users/mstepan/.m2/repository/org/jboss/logging/jboss-logging/3.4.1.Final/jboss-logging-3.4.1.Final.jar:/Users/mstepan/.m2/repository/org/jboss/jandex/2.1.1.Final/jandex-2.1.1.Final.jar:/Users/mstepan/.m2/repository/org/eclipse/microprofile/openapi/microprofile-openapi-api/1.1.2/microprofile-openapi-api-1.1.2.jar:/Users/mstepan/.m2/repository/io/helidon/microprofile/rest-client/helidon-microprofile-rest-client/2.2.2/helidon-microprofile-rest-client-2.2.2.jar:/Users/mstepan/.m2/repository/io/helidon/jersey/helidon-jersey-client/2.2.2/helidon-jersey-client-2.2.2.jar:/Users/mstepan/.m2/repository/org/glassfish/jersey/core/jersey-client/2.33/jersey-client-2.33.jar:/Users/mstepan/.m2/repository/org/glassfish/jersey/inject/jersey-hk2/2.33/jersey-hk2-2.33.jar:/Users/mstepan/.m2/repository/org/glassfish/hk2/hk2-locator/2.6.1/hk2-locator-2.6.1.jar:/Users/mstepan/.m2/repository/org/glassfish/hk2/external/aopalliance-repackaged/2.6.1/aopalliance-repackaged-2.6.1.jar:/Users/mstepan/.m2/repository/org/glassfish/hk2/hk2-api/2.6.1/hk2-api-2.6.1.jar:/Users/mstepan/.m2/repository/org/glassfish/hk2/hk2-utils/2.6.1/hk2-utils-2.6.1.jar:/Users/mstepan/.m2/repository/org/javassist/javassist/3.25.0-GA/javassist-3.25.0-GA.jar:/Users/mstepan/.m2/repository/jakarta/xml/bind/jakarta.xml.bind-api/2.3.3/jakarta.xml.bind-api-2.3.3.jar:/Users/mstepan/.m2/repository/org/glassfish/jersey/ext/microprofile/jersey-mp-rest-client/2.33/jersey-mp-rest-client-2.33.jar:/Users/mstepan/.m2/repository/io/helidon/microprofile/tracing/helidon-microprofile-tracing/2.2.2/helidon-microprofile-tracing-2.2.2.jar:/Users/mstepan/.m2/repository/io/helidon/tracing/helidon-tracing-jersey/2.2.2/helidon-tracing-jersey-2.2.2.jar:/Users/mstepan/.m2/repository/io/helidon/tracing/helidon-tracing/2.2.2/helidon-tracing-2.2.2.jar:/Users/mstepan/.m2/repository/io/helidon/tracing/helidon-tracing-jersey-client/2.2.2/helidon-tracing-jersey-client-2.2.2.jar:/Users/mstepan/.m2/repository/org/eclipse/microprofile/opentracing/microprofile-opentracing-api/1.3.3/microprofile-opentracing-api-1.3.3.jar:/Users/mstepan/.m2/repository/io/helidon/tracing/helidon-tracing-tracer-resolver/2.2.2/helidon-tracing-tracer-resolver-2.2.2.jar:/Users/mstepan/.m2/repository/io/opentracing/contrib/opentracing-tracerresolver/0.1.8/opentracing-tracerresolver-0.1.8.jar:/Users/mstepan/.m2/repository/org/eclipse/microprofile/rest/client/microprofile-rest-client-api/1.4.1/microprofile-rest-client-api-1.4.1.jar:/Users/mstepan/.m2/repository/org/glassfish/jersey/media/jersey-media-json-binding/2.33/jersey-media-json-binding-2.33.jar:/Users/mstepan/.m2/repository/org/glassfish/jakarta.json/1.1.6/jakarta.json-1.1.6.jar:/Users/mstepan/.m2/repository/jakarta/json/bind/jakarta.json.bind-api/1.0.2/jakarta.json.bind-api-1.0.2.jar:/Users/mstepan/.m2/repository/org/eclipse/yasson/1.0.8/yasson-1.0.8.jar:/Users/mstepan/.m2/repository/org/glassfish/jakarta.json/1.1.6/jakarta.json-1.1.6-module.jar:/Users/mstepan/.m2/repository/io/helidon/integrations/cdi/helidon-integrations-cdi-datasource-ucp/2.2.2/helidon-integrations-cdi-datasource-ucp-2.2.2.jar:/Users/mstepan/.m2/repository/io/helidon/integrations/cdi/helidon-integrations-cdi-datasource/2.2.2/helidon-integrations-cdi-datasource-2.2.2.jar:/Users/mstepan/.m2/repository/com/oracle/database/ha/simplefan/19.8.0.0/simplefan-19.8.0.0.jar:/Users/mstepan/.m2/repository/com/oracle/database/ha/ons/19.8.0.0/ons-19.8.0.0.jar:/Users/mstepan/.m2/repository/com/oracle/database/nls/orai18n/19.8.0.0/orai18n-19.8.0.0.jar:/Users/mstepan/.m2/repository/com/oracle/database/xml/xdb/19.8.0.0/xdb-19.8.0.0.jar:/Users/mstepan/.m2/repository/com/oracle/database/xml/xmlparserv2/19.8.0.0/xmlparserv2-19.8.0.0.jar:/Users/mstepan/.m2/repository/org/eclipse/microprofile/config/microprofile-config-api/1.4/microprofile-config-api-1.4.jar:/Users/mstepan/.m2/repository/jakarta/activation/jakarta.activation-api/1.2.2/jakarta.activation-api-1.2.2.jar:/Users/mstepan/.m2/repository/jakarta/enterprise/jakarta.enterprise.cdi-api/2.0.2/jakarta.enterprise.cdi-api-2.0.2.jar:/Users/mstepan/.m2/repository/jakarta/el/jakarta.el-api/3.0.3/jakarta.el-api-3.0.3.jar:/Users/mstepan/.m2/repository/org/apache/commons/commons-lang3/3.9/commons-lang3-3.9.jar:/Users/mstepan/.m2/repository/org/liquibase/liquibase-core/4.3.5/liquibase-core-4.3.5.jar:/Users/mstepan/.m2/repository/javax/xml/bind/jaxb-api/2.3.0/jaxb-api-2.3.0.jar:/Users/mstepan/.m2/repository/com/oracle/database/jdbc/ojdbc8/21.1.0.0/ojdbc8-21.1.0.0.jar:/Users/mstepan/.m2/repository/com/oracle/database/jdbc/ucp/21.1.0.0/ucp-21.1.0.0.jar:/Users/mstepan/.m2/repository/com/oracle/database/security/oraclepki/21.1.0.0/oraclepki-21.1.0.0.jar:/Users/mstepan/.m2/repository/com/oracle/database/security/osdt_core/21.1.0.0/osdt_core-21.1.0.0.jar:/Users/mstepan/.m2/repository/com/oracle/database/security/osdt_cert/21.1.0.0/osdt_cert-21.1.0.0.jar:/Users/mstepan/.m2/repository/org/jdbi/jdbi3-core/3.20.0/jdbi3-core-3.20.0.jar:/Users/mstepan/.m2/repository/org/antlr/antlr4-runtime/4.9/antlr4-runtime-4.9.jar:/Users/mstepan/.m2/repository/io/leangen/geantyref/geantyref/1.3.11/geantyref-1.3.11.jar:/Users/mstepan/.m2/repository/com/github/ben-manes/caffeine/caffeine/3.0.1/caffeine-3.0.1.jar:/Users/mstepan/.m2/repository/org/jdbi/jdbi3-sqlobject/3.20.0/jdbi3-sqlobject-3.20.0.jar:/Users/mstepan/.m2/repository/org/jdbi/jdbi3-guava/3.20.0/jdbi3-guava-3.20.0.jar:/Users/mstepan/.m2/repository/com/google/code/gson/gson/2.8.6/gson-2.8.6.jar:/Users/mstepan/.m2/repository/ca/uhn/hapi/fhir/org.hl7.fhir.r4/5.4.0/org.hl7.fhir.r4-5.4.0.jar:/Users/mstepan/.m2/repository/ca/uhn/hapi/fhir/org.hl7.fhir.utilities/5.4.0/org.hl7.fhir.utilities-5.4.0.jar:/Users/mstepan/.m2/repository/org/jetbrains/kotlin/kotlin-stdlib-jdk8/1.5.0/kotlin-stdlib-jdk8-1.5.0.jar:/Users/mstepan/.m2/repository/org/jetbrains/kotlin/kotlin-stdlib/1.5.0/kotlin-stdlib-1.5.0.jar:/Users/mstepan/.m2/repository/org/jetbrains/annotations/13.0/annotations-13.0.jar:/Users/mstepan/.m2/repository/org/jetbrains/kotlin/kotlin-stdlib-common/1.5.0/kotlin-stdlib-common-1.5.0.jar:/Users/mstepan/.m2/repository/org/jetbrains/kotlin/kotlin-stdlib-jdk7/1.5.0/kotlin-stdlib-jdk7-1.5.0.jar:/Users/mstepan/.m2/repository/ca/uhn/hapi/fhir/hapi-fhir-base/5.4.0/hapi-fhir-base-5.4.0.jar:/Users/mstepan/.m2/repository/org/apache/commons/commons-text/1.9/commons-text-1.9.jar:/Users/mstepan/.m2/repository/commons-codec/commons-codec/1.15/commons-codec-1.15.jar:/Users/mstepan/.m2/repository/commons-io/commons-io/2.8.0/commons-io-2.8.0.jar:/Users/mstepan/.m2/repository/org/slf4j/jcl-over-slf4j/1.7.30/jcl-over-slf4j-1.7.30.jar:/Users/mstepan/.m2/repository/com/google/code/findbugs/jsr305/3.0.2/jsr305-3.0.2.jar:/Users/mstepan/.m2/repository/org/apache/jena/jena-shacl/3.16.0/jena-shacl-3.16.0.jar:/Users/mstepan/.m2/repository/org/apache/jena/jena-arq/3.16.0/jena-arq-3.16.0.jar:/Users/mstepan/.m2/repository/org/apache/jena/jena-core/3.16.0/jena-core-3.16.0.jar:/Users/mstepan/.m2/repository/org/apache/jena/jena-base/3.16.0/jena-base-3.16.0.jar:/Users/mstepan/.m2/repository/org/apache/commons/commons-csv/1.8/commons-csv-1.8.jar:/Users/mstepan/.m2/repository/org/apache/commons/commons-compress/1.20/commons-compress-1.20.jar:/Users/mstepan/.m2/repository/com/github/andrewoma/dexx/collection/0.7/collection-0.7.jar:/Users/mstepan/.m2/repository/org/apache/jena/jena-iri/3.16.0/jena-iri-3.16.0.jar:/Users/mstepan/.m2/repository/commons-cli/commons-cli/1.4/commons-cli-1.4.jar:/Users/mstepan/.m2/repository/org/apache/jena/jena-shaded-guava/3.16.0/jena-shaded-guava-3.16.0.jar:/Users/mstepan/.m2/repository/org/apache/httpcomponents/httpclient/4.5.10/httpclient-4.5.10.jar:/Users/mstepan/.m2/repository/org/apache/httpcomponents/httpcore/4.4.12/httpcore-4.4.12.jar:/Users/mstepan/.m2/repository/com/github/jsonld-java/jsonld-java/0.12.5/jsonld-java-0.12.5.jar:/Users/mstepan/.m2/repository/org/apache/httpcomponents/httpclient-cache/4.5.10/httpclient-cache-4.5.10.jar:/Users/mstepan/.m2/repository/org/apache/thrift/libthrift/0.13.0/libthrift-0.13.0.jar:/Users/mstepan/.m2/repository/org/apache/jena/jena-tdb/3.16.0/jena-tdb-3.16.0.jar:/Users/mstepan/.m2/repository/org/apache/jena/jena-tdb2/3.16.0/jena-tdb2-3.16.0.jar:/Users/mstepan/.m2/repository/org/apache/jena/jena-dboe-storage/3.16.0/jena-dboe-storage-3.16.0.jar:/Users/mstepan/.m2/repository/org/apache/jena/jena-dboe-trans-data/3.16.0/jena-dboe-trans-data-3.16.0.jar:/Users/mstepan/.m2/repository/org/apache/jena/jena-dboe-transaction/3.16.0/jena-dboe-transaction-3.16.0.jar:/Users/mstepan/.m2/repository/org/apache/jena/jena-dboe-base/3.16.0/jena-dboe-base-3.16.0.jar:/Users/mstepan/.m2/repository/org/apache/jena/jena-dboe-index/3.16.0/jena-dboe-index-3.16.0.jar:/Users/mstepan/.m2/repository/org/apache/jena/jena-rdfconnection/3.16.0/jena-rdfconnection-3.16.0.jar:/Users/mstepan/.m2/repository/javax/servlet/javax.servlet-api/3.1.0/javax.servlet-api-3.1.0.jar:/Users/mstepan/.m2/repository/ca/uhn/hapi/fhir/hapi-fhir-structures-r4/5.4.0/hapi-fhir-structures-r4-5.4.0.jar:/Users/mstepan/.m2/repository/org/reflections/reflections/0.9.8/reflections-0.9.8.jar:/Users/mstepan/.m2/repository/javassist/javassist/3.12.1.GA/javassist-3.12.1.GA.jar:/Users/mstepan/.m2/repository/dom4j/dom4j/1.6.1/dom4j-1.6.1.jar:/Users/mstepan/.m2/repository/xml-apis/xml-apis/1.0.b2/xml-apis-1.0.b2.jar:/Users/mstepan/.m2/repository/jakarta/inject/jakarta.inject-api/1.0/jakarta.inject-api-1.0.jar:/Users/mstepan/.m2/repository/jakarta/interceptor/jakarta.interceptor-api/1.2.5/jakarta.interceptor-api-1.2.5.jar:/Users/mstepan/.m2/repository/javax/annotation/javax.annotation-api/1.3.2/javax.annotation-api-1.3.2.jar:/Users/mstepan/.m2/repository/jakarta/annotation/jakarta.annotation-api/1.3.5/jakarta.annotation-api-1.3.5.jar:/Users/mstepan/.m2/repository/jakarta/ws/rs/jakarta.ws.rs-api/2.1.6/jakarta.ws.rs-api-2.1.6.jar:/Users/mstepan/.m2/repository/org/glassfish/jersey/core/jersey-common/2.33/jersey-common-2.33.jar:/Users/mstepan/.m2/repository/org/glassfish/hk2/external/jakarta.inject/2.6.1/jakarta.inject-2.6.1.jar:/Users/mstepan/.m2/repository/org/glassfish/hk2/osgi-resource-locator/1.0.3/osgi-resource-locator-1.0.3.jar:/Users/mstepan/.m2/repository/io/helidon/common/helidon-common-http/2.2.2/helidon-common-http-2.2.2.jar:/Users/mstepan/.m2/repository/io/helidon/common/helidon-common-reactive/2.2.2/helidon-common-reactive-2.2.2.jar:/Users/mstepan/.m2/repository/io/helidon/common/helidon-common-mapper/2.2.2/helidon-common-mapper-2.2.2.jar:/Users/mstepan/.m2/repository/io/helidon/common/helidon-common/2.2.2/helidon-common-2.2.2.jar:/Users/mstepan/.m2/repository/io/helidon/common/helidon-common-context/2.2.2/helidon-common-context-2.2.2.jar:/Users/mstepan/.m2/repository/io/helidon/common/helidon-common-service-loader/2.2.2/helidon-common-service-loader-2.2.2.jar:/Users/mstepan/.m2/repository/org/slf4j/slf4j-api/1.7.20/slf4j-api-1.7.20.jar:/Users/mstepan/.m2/repository/ch/qos/logback/logback-classic/1.1.7/logback-classic-1.1.7.jar:/Users/mstepan/.m2/repository/ch/qos/logback/logback-core/1.1.7/logback-core-1.1.7.jar:/Users/mstepan/.m2/repository/io/prometheus/simpleclient/0.9.0/simpleclient-0.9.0.jar:/Users/mstepan/.m2/repository/org/projectlombok/lombok/1.18.16/lombok-1.18.16.jar:/Users/mstepan/.m2/repository/io/reactivex/rxjava2/rxjava/2.2.20/rxjava-2.2.20.jar:/Users/mstepan/.m2/repository/org/reactivestreams/reactive-streams/1.0.3/reactive-streams-1.0.3.jar:/Users/mstepan/.m2/repository/mysql/mysql-connector-java/8.0.22/mysql-connector-java-8.0.22.jar:/Users/mstepan/.m2/repository/com/google/protobuf/protobuf-java/3.11.4/protobuf-java-3.11.4.jar:/Users/mstepan/.m2/repository/org/postgresql/postgresql/42.2.9/postgresql-42.2.9.jar:/Users/mstepan/.m2/repository/com/squareup/retrofit2/retrofit/2.5.0/retrofit-2.5.0.jar:/Users/mstepan/.m2/repository/com/squareup/okhttp3/okhttp/3.12.0/okhttp-3.12.0.jar:/Users/mstepan/.m2/repository/com/squareup/okio/okio/1.15.0/okio-1.15.0.jar:/Users/mstepan/.m2/repository/com/squareup/retrofit2/converter-jackson/2.5.0/converter-jackson-2.5.0.jar:/Users/mstepan/.m2/repository/com/fasterxml/jackson/core/jackson-databind/2.9.4/jackson-databind-2.9.4.jar:/Users/mstepan/.m2/repository/com/fasterxml/jackson/core/jackson-annotations/2.9.0/jackson-annotations-2.9.0.jar:/Users/mstepan/.m2/repository/com/fasterxml/jackson/core/jackson-core/2.9.4/jackson-core-2.9.4.jar:/Users/mstepan/.m2/repository/org/junit/jupiter/junit-jupiter/5.5.2/junit-jupiter-5.5.2.jar:/Users/mstepan/.m2/repository/org/junit/jupiter/junit-jupiter-params/5.5.2/junit-jupiter-params-5.5.2.jar:/Users/mstepan/.m2/repository/org/junit/jupiter/junit-jupiter-engine/5.5.2/junit-jupiter-engine-5.5.2.jar:/Users/mstepan/.m2/repository/org/junit/platform/junit-platform-engine/1.5.2/junit-platform-engine-1.5.2.jar:/Users/mstepan/.m2/repository/org/mockito/mockito-core/2.21.0/mockito-core-2.21.0.jar:/Users/mstepan/.m2/repository/net/bytebuddy/byte-buddy/1.8.15/byte-buddy-1.8.15.jar:/Users/mstepan/.m2/repository/net/bytebuddy/byte-buddy-agent/1.8.15/byte-buddy-agent-1.8.15.jar:/Users/mstepan/.m2/repository/org/objenesis/objenesis/2.6/objenesis-2.6.jar:/Users/mstepan/.m2/repository/org/assertj/assertj-core/3.15.0/assertj-core-3.15.0.jar:/Users/mstepan/.m2/repository/org/junit/jupiter/junit-jupiter-api/5.5.2/junit-jupiter-api-5.5.2.jar:/Users/mstepan/.m2/repository/org/apiguardian/apiguardian-api/1.1.0/apiguardian-api-1.1.0.jar:/Users/mstepan/.m2/repository/org/opentest4j/opentest4j/1.2.0/opentest4j-1.2.0.jar:/Users/mstepan/.m2/repository/org/junit/platform/junit-platform-commons/1.5.2/junit-platform-commons-1.5.2.jar:"/>
    <property name="sun.cpu.endian" value="little"/>
    <property name="user.home" value="/Users/mstepan"/>
    <property name="user.language" value="en"/>
    <property name="java.specification.vendor" value="Oracle Corporation"/>
    <property name="java.version.date" value="2020-09-15"/>
    <property name="java.home" value="/Library/Java/JavaVirtualMachines/jdk-15/Contents/Home"/>
    <property name="file.separator" value="/"/>
    <property name="basedir" value="/Users/mstepan/repo/app-java15-template"/>
    <property name="java.vm.compressedOopsMode" value="Zero based"/>
    <property name="line.separator" value="&#10;"/>
    <property name="java.vm.specification.vendor" value="Oracle Corporation"/>
    <property name="java.specification.name" value="Java Platform API Specification"/>
    <property name="surefire.real.class.path" value="/Users/mstepan/repo/app-java15-template/target/surefire/surefirebooter18148843680963767540.jar"/>
    <property name="sun.management.compiler" value="HotSpot 64-Bit Tiered Compilers"/>
    <property name="java.runtime.version" value="15+36-1562"/>
    <property name="user.name" value="mstepan"/>
    <property name="path.separator" value=":"/>
    <property name="os.version" value="10.16"/>
    <property name="java.runtime.name" value="OpenJDK Runtime Environment"/>
    <property name="file.encoding" value="UTF-8"/>
    <property name="java.vm.name" value="OpenJDK 64-Bit Server VM"/>
    <property name="localRepository" value="/Users/mstepan/.m2/repository"/>
    <property name="java.vendor.url.bug" value="https://bugreport.java.com/bugreport/"/>
    <property name="java.io.tmpdir" value="/var/folders/59/wckqr5dx4t16wxrx1fytgzx40000gn/T/"/>
    <property name="java.version" value="15"/>
    <property name="user.dir" value="/Users/mstepan/repo/app-java15-template"/>
    <property name="os.arch" value="x86_64"/>
    <property name="java.vm.specification.name" value="Java Virtual Machine Specification"/>
    <property name="java.library.path" value="/Users/mstepan/Library/Java/Extensions:/Library/Java/Extensions:/Network/Library/Java/Extensions:/System/Library/Java/Extensions:/usr/lib/java:."/>
    <property name="java.vm.info" value="mixed mode, sharing"/>
    <property name="java.vendor" value="Oracle Corporation"/>
    <property name="java.vm.version" value="15+36-1562"/>
    <property name="sun.io.unicode.encoding" value="UnicodeBig"/>
    <property name="java.class.version" value="59.0"/>
  </properties>
  <testcase name="isPalindromeFalse(int)[1]" classname="com.max.app.util.NumberUtilsTest" time="0.058"/>
  <testcase name="isPalindromeFalse(int)[2]" classname="com.max.app.util.NumberUtilsTest" time="0.001"/>
  <testcase name="isPalindromeFalse(int)[3]" classname="com.max.app.util.NumberUtilsTest" time="0"/>
  <testcase name="isPalindromeFalse(int)[4]" classname="com.max.app.util.NumberUtilsTest" time="0"/>
  <testcase name="isPalindromeFalse(int)[5]" classname="com.max.app.util.NumberUtilsTest" time="0.001"/>
  <testcase name="isPalindromeFalse(int)[6]" classname="com.max.app.util.NumberUtilsTest" time="0.001"/>
  <testcase name="isPalindromeFalse(int)[7]" classname="com.max.app.util.NumberUtilsTest" time="0.001"/>
  <testcase name="isPalindromeFalse(int)[8]" classname="com.max.app.util.NumberUtilsTest" time="0"/>
  <testcase name="isPalindromeFalse(int)[9]" classname="com.max.app.util.NumberUtilsTest" time="0"/>
  <testcase name="checkAllMethodConsistent" classname="com.max.app.util.NumberUtilsTest" time="0"/>
  <testcase name="checkAllMethodConsistent" classname="com.max.app.util.NumberUtilsTest" time="0.001"/>
  <testcase name="checkAllMethodConsistent" classname="com.max.app.util.NumberUtilsTest" time="0"/>
  <testcase name="checkAllMethodConsistent" classname="com.max.app.util.NumberUtilsTest" time="0.001"/>
  <testcase name="checkAllMethodConsistent" classname="com.max.app.util.NumberUtilsTest" time="0"/>
  <testcase name="checkAllMethodConsistent" classname="com.max.app.util.NumberUtilsTest" time="0"/>
  <testcase name="checkAllMethodConsistent" classname="com.max.app.util.NumberUtilsTest" time="0"/>
  <testcase name="checkAllMethodConsistent" classname="com.max.app.util.NumberUtilsTest" time="0"/>
  <testcase name="checkAllMethodConsistent" classname="com.max.app.util.NumberUtilsTest" time="0.001"/>
  <testcase name="checkAllMethodConsistent" classname="com.max.app.util.NumberUtilsTest" time="0"/>
  <testcase name="checkAllMethodConsistent" classname="com.max.app.util.NumberUtilsTest" time="0"/>
  <testcase name="checkAllMethodConsistent" classname="com.max.app.util.NumberUtilsTest" time="0"/>
  <testcase name="checkAllMethodConsistent" classname="com.max.app.util.NumberUtilsTest" time="0"/>
  <testcase name="checkAllMethodConsistent" classname="com.max.app.util.NumberUtilsTest" time="0.001"/>
  <testcase name="checkAllMethodConsistent" classname="com.max.app.util.NumberUtilsTest" time="0.001"/>
  <testcase name="checkAllMethodConsistent" classname="com.max.app.util.NumberUtilsTest" time="0.001"/>
  <testcase name="checkAllMethodConsistent" classname="com.max.app.util.NumberUtilsTest" time="0"/>
  <testcase name="checkAllMethodConsistent" classname="com.max.app.util.NumberUtilsTest" time="0"/>
  <testcase name="checkAllMethodConsistent" classname="com.max.app.util.NumberUtilsTest" time="0"/>
  <testcase name="checkAllMethodConsistent" classname="com.max.app.util.NumberUtilsTest" time="0.001"/>
  <testcase name="checkAllMethodConsistent" classname="com.max.app.util.NumberUtilsTest" time="0"/>
  <testcase name="checkAllMethodConsistent" classname="com.max.app.util.NumberUtilsTest" time="0"/>
  <testcase name="checkAllMethodConsistent" classname="com.max.app.util.NumberUtilsTest" time="0"/>
  <testcase name="checkAllMethodConsistent" classname="com.max.app.util.NumberUtilsTest" time="0"/>
  <testcase name="checkAllMethodConsistent" classname="com.max.app.util.NumberUtilsTest" time="0"/>
  <testcase name="checkAllMethodConsistent" classname="com.max.app.util.NumberUtilsTest" time="0"/>
  <testcase name="checkAllMethodConsistent" classname="com.max.app.util.NumberUtilsTest" time="0"/>
  <testcase name="checkAllMethodConsistent" classname="com.max.app.util.NumberUtilsTest" time="0"/>
  <testcase name="checkAllMethodConsistent" classname="com.max.app.util.NumberUtilsTest" time="0.001"/>
  <testcase name="checkAllMethodConsistent" classname="com.max.app.util.NumberUtilsTest" time="0"/>
  <testcase name="checkAllMethodConsistent" classname="com.max.app.util.NumberUtilsTest" time="0.001"/>
  <testcase name="checkAllMethodConsistent" classname="com.max.app.util.NumberUtilsTest" time="0"/>
  <testcase name="checkAllMethodConsistent" classname="com.max.app.util.NumberUtilsTest" time="0"/>
  <testcase name="checkAllMethodConsistent" classname="com.max.app.util.NumberUtilsTest" time="0.001"/>
  <testcase name="checkAllMethodConsistent" classname="com.max.app.util.NumberUtilsTest" time="0"/>
  <testcase name="checkAllMethodConsistent" classname="com.max.app.util.NumberUtilsTest" time="0"/>
  <testcase name="checkAllMethodConsistent" classname="com.max.app.util.NumberUtilsTest" time="0"/>
  <testcase name="checkAllMethodConsistent" classname="com.max.app.util.NumberUtilsTest" time="0"/>
  <testcase name="checkAllMethodConsistent" classname="com.max.app.util.NumberUtilsTest" time="0.001"/>
  <testcase name="checkAllMethodConsistent" classname="com.max.app.util.NumberUtilsTest" time="0"/>
  <testcase name="checkAllMethodConsistent" classname="com.max.app.util.NumberUtilsTest" time="0.001"/>
  <testcase name="checkAllMethodConsistent" classname="com.max.app.util.NumberUtilsTest" time="0"/>
  <testcase name="checkAllMethodConsistent" classname="com.max.app.util.NumberUtilsTest" time="0.001"/>
  <testcase name="checkAllMethodConsistent" classname="com.max.app.util.NumberUtilsTest" time="0"/>
  <testcase name="checkAllMethodConsistent" classname="com.max.app.util.NumberUtilsTest" time="0.001"/>
  <testcase name="checkAllMethodConsistent" classname="com.max.app.util.NumberUtilsTest" time="0"/>
  <testcase name="checkAllMethodConsistent" classname="com.max.app.util.NumberUtilsTest" time="0"/>
  <testcase name="checkAllMethodConsistent" classname="com.max.app.util.NumberUtilsTest" time="0.001"/>
  <testcase name="checkAllMethodConsistent" classname="com.max.app.util.NumberUtilsTest" time="0"/>
  <testcase name="checkAllMethodConsistent" classname="com.max.app.util.NumberUtilsTest" time="0"/>
  <testcase name="checkAllMethodConsistent" classname="com.max.app.util.NumberUtilsTest" time="0"/>
  <testcase name="checkAllMethodConsistent" classname="com.max.app.util.NumberUtilsTest" time="0"/>
  <testcase name="checkAllMethodConsistent" classname="com.max.app.util.NumberUtilsTest" time="0"/>
  <testcase name="checkAllMethodConsistent" classname="com.max.app.util.NumberUtilsTest" time="0"/>
  <testcase name="checkAllMethodConsistent" classname="com.max.app.util.NumberUtilsTest" time="0"/>
  <testcase name="checkAllMethodConsistent" classname="com.max.app.util.NumberUtilsTest" time="0"/>
  <testcase name="checkAllMethodConsistent" classname="com.max.app.util.NumberUtilsTest" time="0"/>
  <testcase name="checkAllMethodConsistent" classname="com.max.app.util.NumberUtilsTest" time="0"/>
  <testcase name="checkAllMethodConsistent" classname="com.max.app.util.NumberUtilsTest" time="0.001"/>
  <testcase name="checkAllMethodConsistent" classname="com.max.app.util.NumberUtilsTest" time="0"/>
  <testcase name="checkAllMethodConsistent" classname="com.max.app.util.NumberUtilsTest" time="0.001"/>
  <testcase name="checkAllMethodConsistent" classname="com.max.app.util.NumberUtilsTest" time="0"/>
  <testcase name="checkAllMethodConsistent" classname="com.max.app.util.NumberUtilsTest" time="0"/>
  <testcase name="checkAllMethodConsistent" classname="com.max.app.util.NumberUtilsTest" time="0"/>
  <testcase name="checkAllMethodConsistent" classname="com.max.app.util.NumberUtilsTest" time="0"/>
  <testcase name="checkAllMethodConsistent" classname="com.max.app.util.NumberUtilsTest" time="0"/>
  <testcase name="checkAllMethodConsistent" classname="com.max.app.util.NumberUtilsTest" time="0"/>
  <testcase name="checkAllMethodConsistent" classname="com.max.app.util.NumberUtilsTest" time="0"/>
  <testcase name="checkAllMethodConsistent" classname="com.max.app.util.NumberUtilsTest" time="0"/>
  <testcase name="checkAllMethodConsistent" classname="com.max.app.util.NumberUtilsTest" time="0"/>
  <testcase name="checkAllMethodConsistent" classname="com.max.app.util.NumberUtilsTest" time="0"/>
  <testcase name="checkAllMethodConsistent" classname="com.max.app.util.NumberUtilsTest" time="0"/>
  <testcase name="checkAllMethodConsistent" classname="com.max.app.util.NumberUtilsTest" time="0"/>
  <testcase name="checkAllMethodConsistent" classname="com.max.app.util.NumberUtilsTest" time="0"/>
  <testcase name="checkAllMethodConsistent" classname="com.max.app.util.NumberUtilsTest" time="0"/>
  <testcase name="checkAllMethodConsistent" classname="com.max.app.util.NumberUtilsTest" time="0.001"/>
  <testcase name="checkAllMethodConsistent" classname="com.max.app.util.NumberUtilsTest" time="0"/>
  <testcase name="checkAllMethodConsistent" classname="com.max.app.util.NumberUtilsTest" time="0.001"/>
  <testcase name="checkAllMethodConsistent" classname="com.max.app.util.NumberUtilsTest" time="0"/>
  <testcase name="checkAllMethodConsistent" classname="com.max.app.util.NumberUtilsTest" time="0.001"/>
  <testcase name="checkAllMethodConsistent" classname="com.max.app.util.NumberUtilsTest" time="0"/>
  <testcase name="checkAllMethodConsistent" classname="com.max.app.util.NumberUtilsTest" time="0.001"/>
  <testcase name="checkAllMethodConsistent" classname="com.max.app.util.NumberUtilsTest" time="0"/>
  <testcase name="checkAllMethodConsistent" classname="com.max.app.util.NumberUtilsTest" time="0.001"/>
  <testcase name="checkAllMethodConsistent" classname="com.max.app.util.NumberUtilsTest" time="0"/>
  <testcase name="checkAllMethodConsistent" classname="com.max.app.util.NumberUtilsTest" time="0.001"/>
  <testcase name="checkAllMethodConsistent" classname="com.max.app.util.NumberUtilsTest" time="0"/>
  <testcase name="checkAllMethodConsistent" classname="com.max.app.util.NumberUtilsTest" time="0.001"/>
  <testcase name="checkAllMethodConsistent" classname="com.max.app.util.NumberUtilsTest" time="0"/>
  <testcase name="checkAllMethodConsistent" classname="com.max.app.util.NumberUtilsTest" time="0.001"/>
  <testcase name="checkAllMethodConsistent" classname="com.max.app.util.NumberUtilsTest" time="0"/>
  <testcase name="checkAllMethodConsistent" classname="com.max.app.util.NumberUtilsTest" time="0"/>
  <testcase name="checkAllMethodConsistent" classname="com.max.app.util.NumberUtilsTest" time="0"/>
  <testcase name="checkAllMethodConsistent" classname="com.max.app.util.NumberUtilsTest" time="0"/>
  <testcase name="checkAllMethodConsistent" classname="com.max.app.util.NumberUtilsTest" time="0"/>
  <testcase name="checkAllMethodConsistent" classname="com.max.app.util.NumberUtilsTest" time="0"/>
  <testcase name="checkAllMethodConsistent" classname="com.max.app.util.NumberUtilsTest" time="0"/>
  <testcase name="checkAllMethodConsistent" classname="com.max.app.util.NumberUtilsTest" time="0"/>
  <testcase name="checkAllMethodConsistent" classname="com.max.app.util.NumberUtilsTest" time="0"/>
  <testcase name="checkAllMethodConsistent" classname="com.max.app.util.NumberUtilsTest" time="0"/>
  <testcase name="isPalindromeTrue(int)[1]" classname="com.max.app.util.NumberUtilsTest" time="0"/>
  <testcase name="isPalindromeTrue(int)[2]" classname="com.max.app.util.NumberUtilsTest" time="0.001"/>
  <testcase name="isPalindromeTrue(int)[3]" classname="com.max.app.util.NumberUtilsTest" time="0"/>
  <testcase name="isPalindromeTrue(int)[4]" classname="com.max.app.util.NumberUtilsTest" time="0"/>
  <testcase name="isPalindromeTrue(int)[5]" classname="com.max.app.util.NumberUtilsTest" time="0.001"/>
  <testcase name="isPalindromeTrue(int)[6]" classname="com.max.app.util.NumberUtilsTest" time="0"/>
  <testcase name="isPalindromeTrue(int)[7]" classname="com.max.app.util.NumberUtilsTest" time="0"/>
</testsuite>